<?xml version="1.0" encoding="UTF-8"?>
<!-- Generated by org.testng.reporters.JUnitReportReporter -->
<testsuite hostname="reetikanigam" failures="0" tests="1" name="com.jpmorgan.runner.TestRunner" time="20.427" errors="0" timestamp="06 Jul 2021 08:38:08 GMT" skipped="0">
  <testcase classname="com.jpmorgan.runner.TestRunner" name="feature" time="20.427"/>
</testsuite> <!-- com.jpmorgan.runner.TestRunner -->
